<?xml version="1.0" encoding="UTF-8"?>
<!-- Generated by org.testng.reporters.JUnitReportReporter -->
<testsuite hostname="NODLTP52039252" failures="0" tests="2" name="Demo.Parameterpassing" time="0.005" errors="0" timestamp="2020-08-28T19:14:09 IST" skipped="0">
  <testcase classname="Demo.Parameterpassing" name="test2" time="0.001"/>
  <system-out/>
  <testcase classname="Demo.Parameterpassing" name="test1" time="0.004"/>
  <system-out/>
</testsuite> <!-- Demo.Parameterpassing -->
