<?xml version="1.0" encoding="UTF-8"?>
<!-- Generated by org.testng.reporters.JUnitReportReporter -->
<testsuite hostname="NODLTP52039252" failures="0" tests="1" name="Demo.Grouping" time="0.001" errors="0" timestamp="2020-08-27T18:08:58 IST" skipped="0">
  <testcase classname="Demo.Grouping" name="Age" time="0.001"/>
  <system-out/>
</testsuite> <!-- Demo.Grouping -->
